# JRE version: Java(TM) SE Runtime Environment (8.0_291-b10) (build 1.8.0_291-b10)
# Java VM: Java HotSpot(TM) 64-Bit Server VM (25.291-b10 mixed mode linux-amd64 compressed oops)
Heap:
 PSYoungGen      total 138240K, used 51877K [0x000000076d600000, 0x0000000776700000, 0x00000007c0000000)
  eden space 128000K, 32% used [0x000000076d600000,0x000000076feab860,0x0000000775300000)
  from space 10240K, 99% used [0x0000000775d00000,0x00000007766fde00,0x0000000776700000)
  to   space 10240K, 0% used [0x0000000775300000,0x0000000775300000,0x0000000775d00000)
 ParOldGen       total 169472K, used 18639K [0x00000006c8200000, 0x00000006d2780000, 0x000000076d600000)
  object space 169472K, 10% used [0x00000006c8200000,0x00000006c9433ce8,0x00000006d2780000)
 Metaspace       used 13024K, capacity 13424K, committed 13696K, reserved 1060864K
  class space    used 1496K, capacity 1616K, committed 1664K, reserved 1048576K
GC Heap History (8 events):
Event: 0,985 GC heap before
{Heap before GC invocations=1 (full 0):
 PSYoungGen      total 74240K, used 64000K [0x000000076d600000, 0x0000000772880000, 0x00000007c0000000)
  eden space 64000K, 100% used [0x000000076d600000,0x0000000771480000,0x0000000771480000)
  from space 10240K, 0% used [0x0000000771e80000,0x0000000771e80000,0x0000000772880000)
  to   space 10240K, 0% used [0x0000000771480000,0x0000000771480000,0x0000000771e80000)
 ParOldGen       total 169472K, used 0K [0x00000006c8200000, 0x00000006d2780000, 0x000000076d600000)
  object space 169472K, 0% used [0x00000006c8200000,0x00000006c8200000,0x00000006d2780000)
 Metaspace       used 11381K, capacity 11782K, committed 11904K, reserved 1060864K
  class space    used 1273K, capacity 1393K, committed 1408K, reserved 1048576K
Event: 0,995 GC heap after
Heap after GC invocations=1 (full 0):
 PSYoungGen      total 74240K, used 10236K [0x000000076d600000, 0x0000000772880000, 0x00000007c0000000)
  eden space 64000K, 0% used [0x000000076d600000,0x000000076d600000,0x0000000771480000)
  from space 10240K, 99% used [0x0000000771480000,0x0000000771e7f338,0x0000000771e80000)
  to   space 10240K, 0% used [0x0000000771e80000,0x0000000771e80000,0x0000000772880000)
 ParOldGen       total 169472K, used 1997K [0x00000006c8200000, 0x00000006d2780000, 0x000000076d600000)
  object space 169472K, 1% used [0x00000006c8200000,0x00000006c83f3640,0x00000006d2780000)
 Metaspace       used 11381K, capacity 11782K, committed 11904K, reserved 1060864K
  class space    used 1273K, capacity 1393K, committed 1408K, reserved 1048576K
}
Event: 1,071 GC heap before
{Heap before GC invocations=2 (full 0):
 PSYoungGen      total 74240K, used 74236K [0x000000076d600000, 0x0000000772880000, 0x00000007c0000000)
  eden space 64000K, 100% used [0x000000076d600000,0x0000000771480000,0x0000000771480000)
  from space 10240K, 99% used [0x0000000771480000,0x0000000771e7f338,0x0000000771e80000)
  to   space 10240K, 0% used [0x0000000771e80000,0x0000000771e80000,0x0000000772880000)
 ParOldGen       total 169472K, used 2001K [0x00000006c8200000, 0x00000006d2780000, 0x000000076d600000)
  object space 169472K, 1% used [0x00000006c8200000,0x00000006c83f47b0,0x00000006d2780000)
 Metaspace       used 11424K, capacity 11782K, committed 11904K, reserved 1060864K
  class space    used 1273K, capacity 1393K, committed 1408K, reserved 1048576K
Event: 1,084 GC heap after
Heap after GC invocations=2 (full 0):
 PSYoungGen      total 74240K, used 10208K [0x000000076d600000, 0x0000000776700000, 0x00000007c0000000)
  eden space 64000K, 0% used [0x000000076d600000,0x000000076d600000,0x0000000771480000)
  from space 10240K, 99% used [0x0000000771e80000,0x0000000772878278,0x0000000772880000)
  to   space 10240K, 0% used [0x0000000771480000,0x0000000771480000,0x0000000771e80000)
 ParOldGen       total 169472K, used 7291K [0x00000006c8200000, 0x00000006d2780000, 0x000000076d600000)
  object space 169472K, 4% used [0x00000006c8200000,0x00000006c891ed18,0x00000006d2780000)
 Metaspace       used 11424K, capacity 11782K, committed 11904K, reserved 1060864K
  class space    used 1273K, capacity 1393K, committed 1408K, reserved 1048576K
}
Event: 1,152 GC heap before
{Heap before GC invocations=3 (full 0):
 PSYoungGen      total 74240K, used 74208K [0x000000076d600000, 0x0000000776700000, 0x00000007c0000000)
  eden space 64000K, 100% used [0x000000076d600000,0x0000000771480000,0x0000000771480000)
  from space 10240K, 99% used [0x0000000771e80000,0x0000000772878278,0x0000000772880000)
  to   space 10240K, 0% used [0x0000000771480000,0x0000000771480000,0x0000000771e80000)
 ParOldGen       total 169472K, used 7464K [0x00000006c8200000, 0x00000006d2780000, 0x000000076d600000)
  object space 169472K, 4% used [0x00000006c8200000,0x00000006c894a170,0x00000006d2780000)
 Metaspace       used 11424K, capacity 11782K, committed 11904K, reserved 1060864K
  class space    used 1273K, capacity 1393K, committed 1408K, reserved 1048576K
Event: 1,167 GC heap after
Heap after GC invocations=3 (full 0):
 PSYoungGen      total 74240K, used 10222K [0x000000076d600000, 0x0000000776700000, 0x00000007c0000000)
  eden space 64000K, 0% used [0x000000076d600000,0x000000076d600000,0x0000000771480000)
  from space 10240K, 99% used [0x0000000771480000,0x0000000771e7ba80,0x0000000771e80000)
  to   space 10240K, 0% used [0x0000000775d00000,0x0000000775d00000,0x0000000776700000)
 ParOldGen       total 169472K, used 13421K [0x00000006c8200000, 0x00000006d2780000, 0x000000076d600000)
  object space 169472K, 7% used [0x00000006c8200000,0x00000006c8f1b408,0x00000006d2780000)
 Metaspace       used 11424K, capacity 11782K, committed 11904K, reserved 1060864K
  class space    used 1273K, capacity 1393K, committed 1408K, reserved 1048576K
}
Event: 1,253 GC heap before
{Heap before GC invocations=4 (full 0):
 PSYoungGen      total 74240K, used 74222K [0x000000076d600000, 0x0000000776700000, 0x00000007c0000000)
  eden space 64000K, 100% used [0x000000076d600000,0x0000000771480000,0x0000000771480000)
  from space 10240K, 99% used [0x0000000771480000,0x0000000771e7ba80,0x0000000771e80000)
  to   space 10240K, 0% used [0x0000000775d00000,0x0000000775d00000,0x0000000776700000)
 ParOldGen       total 169472K, used 13455K [0x00000006c8200000, 0x00000006d2780000, 0x000000076d600000)
  object space 169472K, 7% used [0x00000006c8200000,0x00000006c8f23e48,0x00000006d2780000)
 Metaspace       used 11424K, capacity 11782K, committed 11904K, reserved 1060864K
  class space    used 1273K, capacity 1393K, committed 1408K, reserved 1048576K
Event: 1,267 GC heap after
Heap after GC invocations=4 (full 0):
 PSYoungGen      total 138240K, used 10231K [0x000000076d600000, 0x0000000776700000, 0x00000007c0000000)
  eden space 128000K, 0% used [0x000000076d600000,0x000000076d600000,0x0000000775300000)
  from space 10240K, 99% used [0x0000000775d00000,0x00000007766fde00,0x0000000776700000)
  to   space 10240K, 0% used [0x0000000775300000,0x0000000775300000,0x0000000775d00000)
 ParOldGen       total 169472K, used 18639K [0x00000006c8200000, 0x00000006d2780000, 0x000000076d600000)
  object space 169472K, 10% used [0x00000006c8200000,0x00000006c9433ce8,0x00000006d2780000)
 Metaspace       used 11424K, capacity 11782K, committed 11904K, reserved 1060864K
  class space    used 1273K, capacity 1393K, committed 1408K, reserved 1048576K
}

