# JRE version: Java(TM) SE Runtime Environment (8.0_291-b10) (build 1.8.0_291-b10)
# Java VM: Java HotSpot(TM) 64-Bit Server VM (25.291-b10 mixed mode linux-amd64 compressed oops)
Heap:
 PSYoungGen      total 266240K, used 113599K [0x000000076d600000, 0x000000077e400000, 0x00000007c0000000)
  eden space 256000K, 44% used [0x000000076d600000,0x00000007744efcb0,0x000000077d000000)
  from space 10240K, 0% used [0x000000077da00000,0x000000077da00000,0x000000077e400000)
  to   space 10240K, 0% used [0x000000077d000000,0x000000077d000000,0x000000077da00000)
 ParOldGen       total 103936K, used 21370K [0x00000006c8200000, 0x00000006ce780000, 0x000000076d600000)
  object space 103936K, 20% used [0x00000006c8200000,0x00000006c96de838,0x00000006ce780000)
 Metaspace       used 27408K, capacity 27946K, committed 28288K, reserved 1073152K
  class space    used 3461K, capacity 3607K, committed 3712K, reserved 1048576K
GC Heap History (10 events):
Event: 0,574 GC heap before
{Heap before GC invocations=1 (full 0):
 PSYoungGen      total 74240K, used 64000K [0x000000076d600000, 0x0000000772880000, 0x00000007c0000000)
  eden space 64000K, 100% used [0x000000076d600000,0x0000000771480000,0x0000000771480000)
  from space 10240K, 0% used [0x0000000771e80000,0x0000000771e80000,0x0000000772880000)
  to   space 10240K, 0% used [0x0000000771480000,0x0000000771480000,0x0000000771e80000)
 ParOldGen       total 169472K, used 32K [0x00000006c8200000, 0x00000006d2780000, 0x000000076d600000)
  object space 169472K, 0% used [0x00000006c8200000,0x00000006c8208010,0x00000006d2780000)
 Metaspace       used 11381K, capacity 11790K, committed 11904K, reserved 1060864K
  class space    used 1276K, capacity 1399K, committed 1408K, reserved 1048576K
Event: 0,585 GC heap after
Heap after GC invocations=1 (full 0):
 PSYoungGen      total 74240K, used 10213K [0x000000076d600000, 0x0000000776700000, 0x00000007c0000000)
  eden space 64000K, 0% used [0x000000076d600000,0x000000076d600000,0x0000000771480000)
  from space 10240K, 99% used [0x0000000771480000,0x0000000771e797d8,0x0000000771e80000)
  to   space 10240K, 0% used [0x0000000775d00000,0x0000000775d00000,0x0000000776700000)
 ParOldGen       total 169472K, used 1948K [0x00000006c8200000, 0x00000006d2780000, 0x000000076d600000)
  object space 169472K, 1% used [0x00000006c8200000,0x00000006c83e7330,0x00000006d2780000)
 Metaspace       used 11381K, capacity 11790K, committed 11904K, reserved 1060864K
  class space    used 1276K, capacity 1399K, committed 1408K, reserved 1048576K
}
Event: 0,643 GC heap before
{Heap before GC invocations=2 (full 0):
 PSYoungGen      total 74240K, used 74213K [0x000000076d600000, 0x0000000776700000, 0x00000007c0000000)
  eden space 64000K, 100% used [0x000000076d600000,0x0000000771480000,0x0000000771480000)
  from space 10240K, 99% used [0x0000000771480000,0x0000000771e797d8,0x0000000771e80000)
  to   space 10240K, 0% used [0x0000000775d00000,0x0000000775d00000,0x0000000776700000)
 ParOldGen       total 169472K, used 2106K [0x00000006c8200000, 0x00000006d2780000, 0x000000076d600000)
  object space 169472K, 1% used [0x00000006c8200000,0x00000006c840e978,0x00000006d2780000)
 Metaspace       used 11438K, capacity 11854K, committed 11904K, reserved 1060864K
  class space    used 1276K, capacity 1399K, committed 1408K, reserved 1048576K
Event: 0,655 GC heap after
Heap after GC invocations=2 (full 0):
 PSYoungGen      total 138240K, used 10223K [0x000000076d600000, 0x0000000776700000, 0x00000007c0000000)
  eden space 128000K, 0% used [0x000000076d600000,0x000000076d600000,0x0000000775300000)
  from space 10240K, 99% used [0x0000000775d00000,0x00000007766fbf38,0x0000000776700000)
  to   space 10240K, 0% used [0x0000000775300000,0x0000000775300000,0x0000000775d00000)
 ParOldGen       total 169472K, used 8121K [0x00000006c8200000, 0x00000006d2780000, 0x000000076d600000)
  object space 169472K, 4% used [0x00000006c8200000,0x00000006c89ee5a8,0x00000006d2780000)
 Metaspace       used 11438K, capacity 11854K, committed 11904K, reserved 1060864K
  class space    used 1276K, capacity 1399K, committed 1408K, reserved 1048576K
}
Event: 0,806 GC heap before
{Heap before GC invocations=3 (full 0):
 PSYoungGen      total 138240K, used 138223K [0x000000076d600000, 0x0000000776700000, 0x00000007c0000000)
  eden space 128000K, 100% used [0x000000076d600000,0x0000000775300000,0x0000000775300000)
  from space 10240K, 99% used [0x0000000775d00000,0x00000007766fbf38,0x0000000776700000)
  to   space 10240K, 0% used [0x0000000775300000,0x0000000775300000,0x0000000775d00000)
 ParOldGen       total 169472K, used 8121K [0x00000006c8200000, 0x00000006d2780000, 0x000000076d600000)
  object space 169472K, 4% used [0x00000006c8200000,0x00000006c89ee5a8,0x00000006d2780000)
 Metaspace       used 11439K, capacity 11854K, committed 11904K, reserved 1060864K
  class space    used 1276K, capacity 1399K, committed 1408K, reserved 1048576K
Event: 0,825 GC heap after
Heap after GC invocations=3 (full 0):
 PSYoungGen      total 138240K, used 10231K [0x000000076d600000, 0x000000077e400000, 0x00000007c0000000)
  eden space 128000K, 0% used [0x000000076d600000,0x000000076d600000,0x0000000775300000)
  from space 10240K, 99% used [0x0000000775300000,0x0000000775cfde00,0x0000000775d00000)
  to   space 10240K, 0% used [0x000000077da00000,0x000000077da00000,0x000000077e400000)
 ParOldGen       total 169472K, used 18491K [0x00000006c8200000, 0x00000006d2780000, 0x000000076d600000)
  object space 169472K, 10% used [0x00000006c8200000,0x00000006c940ed80,0x00000006d2780000)
 Metaspace       used 11439K, capacity 11854K, committed 11904K, reserved 1060864K
  class space    used 1276K, capacity 1399K, committed 1408K, reserved 1048576K
}
Event: 28,372 GC heap before
{Heap before GC invocations=4 (full 0):
 PSYoungGen      total 138240K, used 126337K [0x000000076d600000, 0x000000077e400000, 0x00000007c0000000)
  eden space 128000K, 90% used [0x000000076d600000,0x0000000774762998,0x0000000775300000)
  from space 10240K, 99% used [0x0000000775300000,0x0000000775cfde00,0x0000000775d00000)
  to   space 10240K, 0% used [0x000000077da00000,0x000000077da00000,0x000000077e400000)
 ParOldGen       total 169472K, used 18491K [0x00000006c8200000, 0x00000006d2780000, 0x000000076d600000)
  object space 169472K, 10% used [0x00000006c8200000,0x00000006c940ed80,0x00000006d2780000)
 Metaspace       used 20628K, capacity 21082K, committed 21248K, reserved 1067008K
  class space    used 2602K, capacity 2729K, committed 2816K, reserved 1048576K
Event: 28,386 GC heap after
Heap after GC invocations=4 (full 0):
 PSYoungGen      total 266240K, used 10224K [0x000000076d600000, 0x000000077e400000, 0x00000007c0000000)
  eden space 256000K, 0% used [0x000000076d600000,0x000000076d600000,0x000000077d000000)
  from space 10240K, 99% used [0x000000077da00000,0x000000077e3fc0b0,0x000000077e400000)
  to   space 10240K, 0% used [0x000000077d000000,0x000000077d000000,0x000000077da00000)
 ParOldGen       total 169472K, used 32036K [0x00000006c8200000, 0x00000006d2780000, 0x000000076d600000)
  object space 169472K, 18% used [0x00000006c8200000,0x00000006ca1490e0,0x00000006d2780000)
 Metaspace       used 20628K, capacity 21082K, committed 21248K, reserved 1067008K
  class space    used 2602K, capacity 2729K, committed 2816K, reserved 1048576K
}
Event: 28,386 GC heap before
{Heap before GC invocations=5 (full 1):
 PSYoungGen      total 266240K, used 10224K [0x000000076d600000, 0x000000077e400000, 0x00000007c0000000)
  eden space 256000K, 0% used [0x000000076d600000,0x000000076d600000,0x000000077d000000)
  from space 10240K, 99% used [0x000000077da00000,0x000000077e3fc0b0,0x000000077e400000)
  to   space 10240K, 0% used [0x000000077d000000,0x000000077d000000,0x000000077da00000)
 ParOldGen       total 169472K, used 32036K [0x00000006c8200000, 0x00000006d2780000, 0x000000076d600000)
  object space 169472K, 18% used [0x00000006c8200000,0x00000006ca1490e0,0x00000006d2780000)
 Metaspace       used 20628K, capacity 21082K, committed 21248K, reserved 1067008K
  class space    used 2602K, capacity 2729K, committed 2816K, reserved 1048576K
Event: 28,426 GC heap after
Heap after GC invocations=5 (full 1):
 PSYoungGen      total 266240K, used 0K [0x000000076d600000, 0x000000077e400000, 0x00000007c0000000)
  eden space 256000K, 0% used [0x000000076d600000,0x000000076d600000,0x000000077d000000)
  from space 10240K, 0% used [0x000000077da00000,0x000000077da00000,0x000000077e400000)
  to   space 10240K, 0% used [0x000000077d000000,0x000000077d000000,0x000000077da00000)
 ParOldGen       total 103936K, used 21370K [0x00000006c8200000, 0x00000006ce780000, 0x000000076d600000)
  object space 103936K, 20% used [0x00000006c8200000,0x00000006c96de838,0x00000006ce780000)
 Metaspace       used 20551K, capacity 20874K, committed 21248K, reserved 1067008K
  class space    used 2573K, capacity 2679K, committed 2816K, reserved 1048576K
}

