# JRE version: Java(TM) SE Runtime Environment (8.0_291-b10) (build 1.8.0_291-b10)
# Java VM: Java HotSpot(TM) 64-Bit Server VM (25.291-b10 mixed mode linux-amd64 compressed oops)
Heap:
 PSYoungGen      total 266240K, used 113870K [0x000000076d600000, 0x000000077e400000, 0x00000007c0000000)
  eden space 256000K, 44% used [0x000000076d600000,0x0000000774533bc0,0x000000077d000000)
  from space 10240K, 0% used [0x000000077da00000,0x000000077da00000,0x000000077e400000)
  to   space 10240K, 0% used [0x000000077d000000,0x000000077d000000,0x000000077da00000)
 ParOldGen       total 104448K, used 21336K [0x00000006c8200000, 0x00000006ce800000, 0x000000076d600000)
  object space 104448K, 20% used [0x00000006c8200000,0x00000006c96d61a8,0x00000006ce800000)
 Metaspace       used 26999K, capacity 27470K, committed 27776K, reserved 1073152K
  class space    used 3448K, capacity 3593K, committed 3712K, reserved 1048576K
GC Heap History (10 events):
Event: 0,929 GC heap before
{Heap before GC invocations=1 (full 0):
 PSYoungGen      total 74240K, used 64000K [0x000000076d600000, 0x0000000772880000, 0x00000007c0000000)
  eden space 64000K, 100% used [0x000000076d600000,0x0000000771480000,0x0000000771480000)
  from space 10240K, 0% used [0x0000000771e80000,0x0000000771e80000,0x0000000772880000)
  to   space 10240K, 0% used [0x0000000771480000,0x0000000771480000,0x0000000771e80000)
 ParOldGen       total 169472K, used 5K [0x00000006c8200000, 0x00000006d2780000, 0x000000076d600000)
  object space 169472K, 0% used [0x00000006c8200000,0x00000006c8201488,0x00000006d2780000)
 Metaspace       used 11401K, capacity 11780K, committed 11904K, reserved 1060864K
  class space    used 1275K, capacity 1396K, committed 1408K, reserved 1048576K
Event: 0,946 GC heap after
Heap after GC invocations=1 (full 0):
 PSYoungGen      total 74240K, used 10228K [0x000000076d600000, 0x0000000776700000, 0x00000007c0000000)
  eden space 64000K, 0% used [0x000000076d600000,0x000000076d600000,0x0000000771480000)
  from space 10240K, 99% used [0x0000000771480000,0x0000000771e7d298,0x0000000771e80000)
  to   space 10240K, 0% used [0x0000000775d00000,0x0000000775d00000,0x0000000776700000)
 ParOldGen       total 169472K, used 2302K [0x00000006c8200000, 0x00000006d2780000, 0x000000076d600000)
  object space 169472K, 1% used [0x00000006c8200000,0x00000006c843fa98,0x00000006d2780000)
 Metaspace       used 11401K, capacity 11780K, committed 11904K, reserved 1060864K
  class space    used 1275K, capacity 1396K, committed 1408K, reserved 1048576K
}
Event: 1,007 GC heap before
{Heap before GC invocations=2 (full 0):
 PSYoungGen      total 74240K, used 74228K [0x000000076d600000, 0x0000000776700000, 0x00000007c0000000)
  eden space 64000K, 100% used [0x000000076d600000,0x0000000771480000,0x0000000771480000)
  from space 10240K, 99% used [0x0000000771480000,0x0000000771e7d298,0x0000000771e80000)
  to   space 10240K, 0% used [0x0000000775d00000,0x0000000775d00000,0x0000000776700000)
 ParOldGen       total 169472K, used 2306K [0x00000006c8200000, 0x00000006d2780000, 0x000000076d600000)
  object space 169472K, 1% used [0x00000006c8200000,0x00000006c8440970,0x00000006d2780000)
 Metaspace       used 11434K, capacity 11844K, committed 11904K, reserved 1060864K
  class space    used 1275K, capacity 1396K, committed 1408K, reserved 1048576K
Event: 1,018 GC heap after
Heap after GC invocations=2 (full 0):
 PSYoungGen      total 138240K, used 10225K [0x000000076d600000, 0x0000000776700000, 0x00000007c0000000)
  eden space 128000K, 0% used [0x000000076d600000,0x000000076d600000,0x0000000775300000)
  from space 10240K, 99% used [0x0000000775d00000,0x00000007766fc520,0x0000000776700000)
  to   space 10240K, 0% used [0x0000000775300000,0x0000000775300000,0x0000000775d00000)
 ParOldGen       total 169472K, used 7573K [0x00000006c8200000, 0x00000006d2780000, 0x000000076d600000)
  object space 169472K, 4% used [0x00000006c8200000,0x00000006c8965420,0x00000006d2780000)
 Metaspace       used 11434K, capacity 11844K, committed 11904K, reserved 1060864K
  class space    used 1275K, capacity 1396K, committed 1408K, reserved 1048576K
}
Event: 1,201 GC heap before
{Heap before GC invocations=3 (full 0):
 PSYoungGen      total 138240K, used 138225K [0x000000076d600000, 0x0000000776700000, 0x00000007c0000000)
  eden space 128000K, 100% used [0x000000076d600000,0x0000000775300000,0x0000000775300000)
  from space 10240K, 99% used [0x0000000775d00000,0x00000007766fc520,0x0000000776700000)
  to   space 10240K, 0% used [0x0000000775300000,0x0000000775300000,0x0000000775d00000)
 ParOldGen       total 169472K, used 7573K [0x00000006c8200000, 0x00000006d2780000, 0x000000076d600000)
  object space 169472K, 4% used [0x00000006c8200000,0x00000006c8965420,0x00000006d2780000)
 Metaspace       used 11435K, capacity 11844K, committed 11904K, reserved 1060864K
  class space    used 1275K, capacity 1396K, committed 1408K, reserved 1048576K
Event: 1,231 GC heap after
Heap after GC invocations=3 (full 0):
 PSYoungGen      total 138240K, used 10231K [0x000000076d600000, 0x000000077e400000, 0x00000007c0000000)
  eden space 128000K, 0% used [0x000000076d600000,0x000000076d600000,0x0000000775300000)
  from space 10240K, 99% used [0x0000000775300000,0x0000000775cfdde0,0x0000000775d00000)
  to   space 10240K, 0% used [0x000000077da00000,0x000000077da00000,0x000000077e400000)
 ParOldGen       total 169472K, used 18555K [0x00000006c8200000, 0x00000006d2780000, 0x000000076d600000)
  object space 169472K, 10% used [0x00000006c8200000,0x00000006c941ec00,0x00000006d2780000)
 Metaspace       used 11435K, capacity 11844K, committed 11904K, reserved 1060864K
  class space    used 1275K, capacity 1396K, committed 1408K, reserved 1048576K
}
Event: 15,283 GC heap before
{Heap before GC invocations=4 (full 0):
 PSYoungGen      total 138240K, used 122987K [0x000000076d600000, 0x000000077e400000, 0x00000007c0000000)
  eden space 128000K, 88% used [0x000000076d600000,0x000000077441d1a0,0x0000000775300000)
  from space 10240K, 99% used [0x0000000775300000,0x0000000775cfdde0,0x0000000775d00000)
  to   space 10240K, 0% used [0x000000077da00000,0x000000077da00000,0x000000077e400000)
 ParOldGen       total 169472K, used 18555K [0x00000006c8200000, 0x00000006d2780000, 0x000000076d600000)
  object space 169472K, 10% used [0x00000006c8200000,0x00000006c941ec00,0x00000006d2780000)
 Metaspace       used 20615K, capacity 21072K, committed 21248K, reserved 1067008K
  class space    used 2599K, capacity 2726K, committed 2816K, reserved 1048576K
Event: 15,304 GC heap after
Heap after GC invocations=4 (full 0):
 PSYoungGen      total 266240K, used 10224K [0x000000076d600000, 0x000000077e400000, 0x00000007c0000000)
  eden space 256000K, 0% used [0x000000076d600000,0x000000076d600000,0x000000077d000000)
  from space 10240K, 99% used [0x000000077da00000,0x000000077e3fc0e0,0x000000077e400000)
  to   space 10240K, 0% used [0x000000077d000000,0x000000077d000000,0x000000077da00000)
 ParOldGen       total 169472K, used 29674K [0x00000006c8200000, 0x00000006d2780000, 0x000000076d600000)
  object space 169472K, 17% used [0x00000006c8200000,0x00000006c9efabf0,0x00000006d2780000)
 Metaspace       used 20615K, capacity 21072K, committed 21248K, reserved 1067008K
  class space    used 2599K, capacity 2726K, committed 2816K, reserved 1048576K
}
Event: 15,304 GC heap before
{Heap before GC invocations=5 (full 1):
 PSYoungGen      total 266240K, used 10224K [0x000000076d600000, 0x000000077e400000, 0x00000007c0000000)
  eden space 256000K, 0% used [0x000000076d600000,0x000000076d600000,0x000000077d000000)
  from space 10240K, 99% used [0x000000077da00000,0x000000077e3fc0e0,0x000000077e400000)
  to   space 10240K, 0% used [0x000000077d000000,0x000000077d000000,0x000000077da00000)
 ParOldGen       total 169472K, used 29674K [0x00000006c8200000, 0x00000006d2780000, 0x000000076d600000)
  object space 169472K, 17% used [0x00000006c8200000,0x00000006c9efabf0,0x00000006d2780000)
 Metaspace       used 20615K, capacity 21072K, committed 21248K, reserved 1067008K
  class space    used 2599K, capacity 2726K, committed 2816K, reserved 1048576K
Event: 15,376 GC heap after
Heap after GC invocations=5 (full 1):
 PSYoungGen      total 266240K, used 0K [0x000000076d600000, 0x000000077e400000, 0x00000007c0000000)
  eden space 256000K, 0% used [0x000000076d600000,0x000000076d600000,0x000000077d000000)
  from space 10240K, 0% used [0x000000077da00000,0x000000077da00000,0x000000077e400000)
  to   space 10240K, 0% used [0x000000077d000000,0x000000077d000000,0x000000077da00000)
 ParOldGen       total 104448K, used 21336K [0x00000006c8200000, 0x00000006ce800000, 0x000000076d600000)
  object space 104448K, 20% used [0x00000006c8200000,0x00000006c96d61a8,0x00000006ce800000)
 Metaspace       used 20543K, capacity 20878K, committed 21248K, reserved 1067008K
  class space    used 2572K, capacity 2679K, committed 2816K, reserved 1048576K
}

