# JRE version: Java(TM) SE Runtime Environment (8.0_291-b10) (build 1.8.0_291-b10)
# Java VM: Java HotSpot(TM) 64-Bit Server VM (25.291-b10 mixed mode linux-amd64 compressed oops)
Heap:
 PSYoungGen      total 138240K, used 53232K [0x000000076d600000, 0x000000077e400000, 0x00000007c0000000)
  eden space 128000K, 33% used [0x000000076d600000,0x00000007700022e0,0x0000000775300000)
  from space 10240K, 99% used [0x0000000775300000,0x0000000775cf9df0,0x0000000775d00000)
  to   space 10240K, 0% used [0x000000077da00000,0x000000077da00000,0x000000077e400000)
 ParOldGen       total 169472K, used 18270K [0x00000006c8200000, 0x00000006d2780000, 0x000000076d600000)
  object space 169472K, 10% used [0x00000006c8200000,0x00000006c93d7ba0,0x00000006d2780000)
 Metaspace       used 13025K, capacity 13452K, committed 13696K, reserved 1060864K
  class space    used 1499K, capacity 1624K, committed 1664K, reserved 1048576K
GC Heap History (6 events):
Event: 0,551 GC heap before
{Heap before GC invocations=1 (full 0):
 PSYoungGen      total 74240K, used 64000K [0x000000076d600000, 0x0000000772880000, 0x00000007c0000000)
  eden space 64000K, 100% used [0x000000076d600000,0x0000000771480000,0x0000000771480000)
  from space 10240K, 0% used [0x0000000771e80000,0x0000000771e80000,0x0000000772880000)
  to   space 10240K, 0% used [0x0000000771480000,0x0000000771480000,0x0000000771e80000)
 ParOldGen       total 169472K, used 2K [0x00000006c8200000, 0x00000006d2780000, 0x000000076d600000)
  object space 169472K, 0% used [0x00000006c8200000,0x00000006c8200b38,0x00000006d2780000)
 Metaspace       used 11371K, capacity 11746K, committed 11904K, reserved 1060864K
  class space    used 1277K, capacity 1401K, committed 1408K, reserved 1048576K
Event: 0,558 GC heap after
Heap after GC invocations=1 (full 0):
 PSYoungGen      total 74240K, used 10221K [0x000000076d600000, 0x0000000776700000, 0x00000007c0000000)
  eden space 64000K, 0% used [0x000000076d600000,0x000000076d600000,0x0000000771480000)
  from space 10240K, 99% used [0x0000000771480000,0x0000000771e7b708,0x0000000771e80000)
  to   space 10240K, 0% used [0x0000000775d00000,0x0000000775d00000,0x0000000776700000)
 ParOldGen       total 169472K, used 1354K [0x00000006c8200000, 0x00000006d2780000, 0x000000076d600000)
  object space 169472K, 0% used [0x00000006c8200000,0x00000006c8352958,0x00000006d2780000)
 Metaspace       used 11371K, capacity 11746K, committed 11904K, reserved 1060864K
  class space    used 1277K, capacity 1401K, committed 1408K, reserved 1048576K
}
Event: 0,615 GC heap before
{Heap before GC invocations=2 (full 0):
 PSYoungGen      total 74240K, used 74221K [0x000000076d600000, 0x0000000776700000, 0x00000007c0000000)
  eden space 64000K, 100% used [0x000000076d600000,0x0000000771480000,0x0000000771480000)
  from space 10240K, 99% used [0x0000000771480000,0x0000000771e7b708,0x0000000771e80000)
  to   space 10240K, 0% used [0x0000000775d00000,0x0000000775d00000,0x0000000776700000)
 ParOldGen       total 169472K, used 1365K [0x00000006c8200000, 0x00000006d2780000, 0x000000076d600000)
  object space 169472K, 0% used [0x00000006c8200000,0x00000006c83556f0,0x00000006d2780000)
 Metaspace       used 11437K, capacity 11810K, committed 11904K, reserved 1060864K
  class space    used 1278K, capacity 1401K, committed 1408K, reserved 1048576K
Event: 0,625 GC heap after
Heap after GC invocations=2 (full 0):
 PSYoungGen      total 138240K, used 10233K [0x000000076d600000, 0x0000000776700000, 0x00000007c0000000)
  eden space 128000K, 0% used [0x000000076d600000,0x000000076d600000,0x0000000775300000)
  from space 10240K, 99% used [0x0000000775d00000,0x00000007766fe490,0x0000000776700000)
  to   space 10240K, 0% used [0x0000000775300000,0x0000000775300000,0x0000000775d00000)
 ParOldGen       total 169472K, used 7091K [0x00000006c8200000, 0x00000006d2780000, 0x000000076d600000)
  object space 169472K, 4% used [0x00000006c8200000,0x00000006c88ece80,0x00000006d2780000)
 Metaspace       used 11437K, capacity 11810K, committed 11904K, reserved 1060864K
  class space    used 1278K, capacity 1401K, committed 1408K, reserved 1048576K
}
Event: 0,771 GC heap before
{Heap before GC invocations=3 (full 0):
 PSYoungGen      total 138240K, used 138233K [0x000000076d600000, 0x0000000776700000, 0x00000007c0000000)
  eden space 128000K, 100% used [0x000000076d600000,0x0000000775300000,0x0000000775300000)
  from space 10240K, 99% used [0x0000000775d00000,0x00000007766fe490,0x0000000776700000)
  to   space 10240K, 0% used [0x0000000775300000,0x0000000775300000,0x0000000775d00000)
 ParOldGen       total 169472K, used 7091K [0x00000006c8200000, 0x00000006d2780000, 0x000000076d600000)
  object space 169472K, 4% used [0x00000006c8200000,0x00000006c88ece80,0x00000006d2780000)
 Metaspace       used 11440K, capacity 11810K, committed 11904K, reserved 1060864K
  class space    used 1278K, capacity 1401K, committed 1408K, reserved 1048576K
Event: 0,787 GC heap after
Heap after GC invocations=3 (full 0):
 PSYoungGen      total 138240K, used 10215K [0x000000076d600000, 0x000000077e400000, 0x00000007c0000000)
  eden space 128000K, 0% used [0x000000076d600000,0x000000076d600000,0x0000000775300000)
  from space 10240K, 99% used [0x0000000775300000,0x0000000775cf9df0,0x0000000775d00000)
  to   space 10240K, 0% used [0x000000077da00000,0x000000077da00000,0x000000077e400000)
 ParOldGen       total 169472K, used 18270K [0x00000006c8200000, 0x00000006d2780000, 0x000000076d600000)
  object space 169472K, 10% used [0x00000006c8200000,0x00000006c93d7ba0,0x00000006d2780000)
 Metaspace       used 11440K, capacity 11810K, committed 11904K, reserved 1060864K
  class space    used 1278K, capacity 1401K, committed 1408K, reserved 1048576K
}

