# JRE version: Java(TM) SE Runtime Environment 18.9 (11.0.11+9) (build 11.0.11+9-LTS-194)
# Java VM: Java HotSpot(TM) 64-Bit Server VM 18.9 (11.0.11+9-LTS-194, mixed mode, tiered, compressed oops, g1 gc, linux-amd64)
Heap:
 garbage-first heap   total 253952K, used 43028K [0x0000000708200000, 0x0000000800000000)
  region size 1024K, 34 young (34816K), 5 survivors (5120K)
 Metaspace       used 28489K, capacity 28985K, committed 29312K, reserved 1075200K
  class space    used 3245K, capacity 3399K, committed 3456K, reserved 1048576K
GC Heap History (10 events):
Event: 0,696 GC heap before
{Heap before GC invocations=0 (full 0):
 garbage-first heap   total 253952K, used 23552K [0x0000000708200000, 0x0000000800000000)
  region size 1024K, 24 young (24576K), 0 survivors (0K)
 Metaspace       used 10965K, capacity 11163K, committed 11392K, reserved 1058816K
  class space    used 1020K, capacity 1061K, committed 1152K, reserved 1048576K
}
Event: 0,699 GC heap after
{Heap after GC invocations=1 (full 0):
 garbage-first heap   total 253952K, used 4656K [0x0000000708200000, 0x0000000800000000)
  region size 1024K, 3 young (3072K), 3 survivors (3072K)
 Metaspace       used 10965K, capacity 11163K, committed 11392K, reserved 1058816K
  class space    used 1020K, capacity 1061K, committed 1152K, reserved 1048576K
}
Event: 64,126 GC heap before
{Heap before GC invocations=1 (full 0):
 garbage-first heap   total 253952K, used 78384K [0x0000000708200000, 0x0000000800000000)
  region size 1024K, 77 young (78848K), 3 survivors (3072K)
 Metaspace       used 20678K, capacity 21088K, committed 21248K, reserved 1069056K
  class space    used 2139K, capacity 2287K, committed 2304K, reserved 1048576K
}
Event: 64,151 GC heap after
{Heap after GC invocations=2 (full 0):
 garbage-first heap   total 253952K, used 10387K [0x0000000708200000, 0x0000000800000000)
  region size 1024K, 9 young (9216K), 9 survivors (9216K)
 Metaspace       used 20678K, capacity 21088K, committed 21248K, reserved 1069056K
  class space    used 2139K, capacity 2287K, committed 2304K, reserved 1048576K
}
Event: 64,657 GC heap before
{Heap before GC invocations=3 (full 0):
 garbage-first heap   total 253952K, used 82067K [0x0000000708200000, 0x0000000800000000)
  region size 1024K, 79 young (80896K), 9 survivors (9216K)
 Metaspace       used 23698K, capacity 24156K, committed 24576K, reserved 1071104K
  class space    used 2618K, capacity 2778K, committed 2816K, reserved 1048576K
}
Event: 64,663 GC heap after
{Heap after GC invocations=4 (full 0):
 garbage-first heap   total 253952K, used 11936K [0x0000000708200000, 0x0000000800000000)
  region size 1024K, 2 young (2048K), 2 survivors (2048K)
 Metaspace       used 23698K, capacity 24156K, committed 24576K, reserved 1071104K
  class space    used 2618K, capacity 2778K, committed 2816K, reserved 1048576K
}
Event: 65,019 GC heap before
{Heap before GC invocations=4 (full 0):
 garbage-first heap   total 253952K, used 109216K [0x0000000708200000, 0x0000000800000000)
  region size 1024K, 97 young (99328K), 2 survivors (2048K)
 Metaspace       used 25150K, capacity 25595K, committed 26112K, reserved 1073152K
  class space    used 2832K, capacity 2976K, committed 3072K, reserved 1048576K
}
Event: 65,022 GC heap after
{Heap after GC invocations=5 (full 0):
 garbage-first heap   total 253952K, used 12752K [0x0000000708200000, 0x0000000800000000)
  region size 1024K, 3 young (3072K), 3 survivors (3072K)
 Metaspace       used 25150K, capacity 25595K, committed 26112K, reserved 1073152K
  class space    used 2832K, capacity 2976K, committed 3072K, reserved 1048576K
}
Event: 65,548 GC heap before
{Heap before GC invocations=5 (full 0):
 garbage-first heap   total 253952K, used 139728K [0x0000000708200000, 0x0000000800000000)
  region size 1024K, 127 young (130048K), 3 survivors (3072K)
 Metaspace       used 27852K, capacity 28339K, committed 28800K, reserved 1075200K
  class space    used 3165K, capacity 3333K, committed 3456K, reserved 1048576K
}
Event: 65,554 GC heap after
{Heap after GC invocations=6 (full 0):
 garbage-first heap   total 253952K, used 14356K [0x0000000708200000, 0x0000000800000000)
  region size 1024K, 5 young (5120K), 5 survivors (5120K)
 Metaspace       used 27852K, capacity 28339K, committed 28800K, reserved 1075200K
  class space    used 3165K, capacity 3333K, committed 3456K, reserved 1048576K
}

